<?xml version="1.0" encoding="UTF-8"?>
<testng-results skipped="0" failed="0" total="1" passed="1">
  <reporter-output>
  </reporter-output>
  <suite name="Default suite" duration-ms="2585" started-at="2021-02-10T04:19:08Z" finished-at="2021-02-10T04:19:10Z">
    <groups>
    </groups>
    <test name="Default test" duration-ms="2585" started-at="2021-02-10T04:19:08Z" finished-at="2021-02-10T04:19:10Z">
      <class name="bbmsapitesting.DataBaseTesting">
        <test-method status="PASS" signature="testPostDonar()[pri:0, instance:bbmsapitesting.DataBaseTesting@f6c48ac]" name="testPostDonar" duration-ms="2573" started-at="2021-02-10T09:49:08Z" finished-at="2021-02-10T09:49:10Z">
          <reporter-output>
          </reporter-output>
        </test-method> <!-- testPostDonar -->
      </class> <!-- bbmsapitesting.DataBaseTesting -->
    </test> <!-- Default test -->
  </suite> <!-- Default suite -->
</testng-results>
